<?xml version="1.0" encoding="UTF-8"?>
<testng-results skipped="0" failed="0" ignored="0" total="1" passed="1">
  <reporter-output>
  </reporter-output>
  <suite name="Default suite" duration-ms="3219" started-at="2020-03-28T02:12:58Z" finished-at="2020-03-28T02:13:02Z">
    <groups>
    </groups>
    <test name="Default test" duration-ms="3219" started-at="2020-03-28T02:12:58Z" finished-at="2020-03-28T02:13:02Z">
      <class name="allTest.TC005_GET_Request_ValidateJsonResponse">
        <test-method status="PASS" signature="validateJsonResponse()[pri:0, instance:allTest.TC005_GET_Request_ValidateJsonResponse@59fa1d9b]" name="validateJsonResponse" duration-ms="3161" started-at="2020-03-28T02:12:58Z" finished-at="2020-03-28T02:13:01Z">
          <reporter-output>
          </reporter-output>
        </test-method> <!-- validateJsonResponse -->
      </class> <!-- allTest.TC005_GET_Request_ValidateJsonResponse -->
    </test> <!-- Default test -->
  </suite> <!-- Default suite -->
</testng-results>
